Arguments: 
  /usr/local/bin/node /usr/share/yarn/bin/yarn.js add -D nodemon

PATH: 
  /usr/local/sbin:/usr/local/bin:/usr/sbin:/usr/bin:/sbin:/bin:/usr/games:/usr/local/games:/snap/bin

Yarn version: 
  1.22.4

Node version: 
  12.16.0

Platform: 
  linux x64

Trace: 
  Error: getaddrinfo EAI_AGAIN registry.yarnpkg.com
      at GetAddrInfoReqWrap.onlookup [as oncomplete] (dns.js:64:26)

npm manifest: 
  {
    "name": "mernstack",
    "version": "1.0.0",
    "description": "mern stack app",
    "main": "index.js",
    "scripts": {
      "start": "node index.js",
      "dev": "nodemon index.js"
    },
    "author": "Dimitri Russell",
    "license": "ISC",
    "dependencies": {
      "body-parser": "1.19.0",
      "express": "4.17.1",
      "gridfs-stream": "1.1.1",
      "method-override": "3.0.0",
      "mongodb": "3.5.4",
      "mongoose": "5.9.1",
      "multer": "1.4.2",
      "multer-gridfs-storage": "4.0.2"
    },
    "devDependencies": {
      "nodemon": "2.0.2"
    }
  }

yarn manifest: 
  No manifest

Lockfile: 
  No lockfile
